app/build/intermediates/manifest_merge_blame_file/debug/manifest-merger-blame-debug-report.txt
1<?xml version="1.0" encoding="utf-8"?>
2<manifest xmlns:android="http://schemas.android.com/apk/res/android"
3    package="com.example.myapp"
4    android:versionCode="1"
5    android:versionName="1.0" >
6
7    <uses-sdk
8        android:minSdkVersion="22"
8-->src\main\AndroidManifest.xml
9        android:targetSdkVersion="30" />
9-->src\main\AndroidManifest.xml
10
11    <uses-permission android:name="android.permission.INTERNET" />
11-->src\main\AndroidManifest.xml:5:5-67
11-->src\main\AndroidManifest.xml:5:22-64
12
13    <!-- Although the *SdkVersion is captured in gradle build files, this is required for non gradle builds -->
14    <!-- <uses-sdk android:minSdkVersion="14"/> -->
15    <uses-permission android:name="android.permission.ACCESS_NETWORK_STATE" />
15-->[com.google.firebase:firebase-database:19.3.1] AndroidManifest.xml:25:5-79
15-->[com.google.firebase:firebase-database:19.3.1] AndroidManifest.xml:25:22-76
16
17    <application
17-->src\main\AndroidManifest.xml:7:5-26:19
18        android:allowBackup="true"
18-->src\main\AndroidManifest.xml:8:9-35
19        android:appComponentFactory="androidx.core.app.CoreComponentFactory"
19-->[androidx.core:core:1.1.0] AndroidManifest.xml:24:18-86
20        android:debuggable="true"
21        android:icon="@mipmap/ic_launcher"
21-->src\main\AndroidManifest.xml:9:9-43
22        android:label="@string/app_name"
22-->src\main\AndroidManifest.xml:10:9-41
23        android:roundIcon="@mipmap/ic_launcher_round"
23-->src\main\AndroidManifest.xml:11:9-54
24        android:supportsRtl="true"
24-->src\main\AndroidManifest.xml:12:9-35
25        android:testOnly="true"
26        android:theme="@style/AppTheme" >
26-->src\main\AndroidManifest.xml:13:9-40
27        <activity android:name="com.example.myapp.UserListActivity" />
27-->src\main\AndroidManifest.xml:14:9-63
27-->src\main\AndroidManifest.xml:14:19-51
28        <activity android:name="com.example.myapp.userEntery.ProfileActivity" >
28-->src\main\AndroidManifest.xml:15:9-21:20
28-->src\main\AndroidManifest.xml:15:19-61
29            <intent-filter>
29-->src\main\AndroidManifest.xml:16:13-20:29
30                <action android:name="android.intent.action.MAIN" />
30-->src\main\AndroidManifest.xml:17:17-69
30-->src\main\AndroidManifest.xml:17:25-66
31
32                <category android:name="android.intent.category.LAUNCHER" />
32-->src\main\AndroidManifest.xml:19:17-77
32-->src\main\AndroidManifest.xml:19:27-74
33            </intent-filter>
34        </activity>
35        <activity android:name="com.example.myapp.userEntery.UserInfoActivity" />
35-->src\main\AndroidManifest.xml:22:9-65
35-->src\main\AndroidManifest.xml:22:19-62
36        <activity android:name="com.example.myapp.userEntery.SignIn" />
36-->src\main\AndroidManifest.xml:23:9-55
36-->src\main\AndroidManifest.xml:23:19-52
37        <activity android:name="com.example.myapp.Splash_Screen" />
37-->src\main\AndroidManifest.xml:24:9-51
37-->src\main\AndroidManifest.xml:24:19-48
38        <activity android:name="com.example.myapp.MainActivity" />
38-->src\main\AndroidManifest.xml:25:9-50
38-->src\main\AndroidManifest.xml:25:19-47
39        <activity
39-->[com.google.firebase:firebase-auth:19.3.1] AndroidManifest.xml:24:9-31:50
40            android:name="com.google.firebase.auth.internal.FederatedSignInActivity"
40-->[com.google.firebase:firebase-auth:19.3.1] AndroidManifest.xml:25:13-85
41            android:excludeFromRecents="true"
41-->[com.google.firebase:firebase-auth:19.3.1] AndroidManifest.xml:26:13-46
42            android:exported="true"
42-->[com.google.firebase:firebase-auth:19.3.1] AndroidManifest.xml:27:13-36
43            android:launchMode="singleTask"
43-->[com.google.firebase:firebase-auth:19.3.1] AndroidManifest.xml:28:13-44
44            android:permission="com.google.firebase.auth.api.gms.permission.LAUNCH_FEDERATED_SIGN_IN"
44-->[com.google.firebase:firebase-auth:19.3.1] AndroidManifest.xml:29:13-102
45            android:theme="@android:style/Theme.Translucent.NoTitleBar" />
45-->[com.google.firebase:firebase-auth:19.3.1] AndroidManifest.xml:30:13-72
46
47        <service
47-->[com.google.firebase:firebase-auth:19.3.1] AndroidManifest.xml:33:9-39:19
48            android:name="com.google.firebase.components.ComponentDiscoveryService"
48-->[com.google.firebase:firebase-auth:19.3.1] AndroidManifest.xml:34:13-84
49            android:directBootAware="true"
49-->[com.google.firebase:firebase-common:19.3.0] AndroidManifest.xml:34:13-43
50            android:exported="false" >
50-->[com.google.firebase:firebase-auth:19.3.1] AndroidManifest.xml:35:13-37
51            <meta-data
51-->[com.google.firebase:firebase-auth:19.3.1] AndroidManifest.xml:36:13-38:85
52                android:name="com.google.firebase.components:com.google.firebase.auth.FirebaseAuthRegistrar"
52-->[com.google.firebase:firebase-auth:19.3.1] AndroidManifest.xml:37:17-109
53                android:value="com.google.firebase.components.ComponentRegistrar" />
53-->[com.google.firebase:firebase-auth:19.3.1] AndroidManifest.xml:38:17-82
54            <meta-data
54-->[com.google.firebase:firebase-database:19.3.1] AndroidManifest.xml:32:13-34:85
55                android:name="com.google.firebase.components:com.google.firebase.database.DatabaseRegistrar"
55-->[com.google.firebase:firebase-database:19.3.1] AndroidManifest.xml:33:17-109
56                android:value="com.google.firebase.components.ComponentRegistrar" />
56-->[com.google.firebase:firebase-database:19.3.1] AndroidManifest.xml:34:17-82
57            <meta-data
57-->[com.google.firebase:firebase-storage:19.1.1] AndroidManifest.xml:33:13-35:85
58                android:name="com.google.firebase.components:com.google.firebase.storage.StorageRegistrar"
58-->[com.google.firebase:firebase-storage:19.1.1] AndroidManifest.xml:34:17-107
59                android:value="com.google.firebase.components.ComponentRegistrar" />
59-->[com.google.firebase:firebase-storage:19.1.1] AndroidManifest.xml:35:17-82
60        </service>
61
62        <provider
62-->[com.squareup.picasso:picasso:2.71828] AndroidManifest.xml:8:9-11:40
63            android:name="com.squareup.picasso.PicassoProvider"
63-->[com.squareup.picasso:picasso:2.71828] AndroidManifest.xml:9:13-64
64            android:authorities="com.example.myapp.com.squareup.picasso"
64-->[com.squareup.picasso:picasso:2.71828] AndroidManifest.xml:10:13-72
65            android:exported="false" />
65-->[com.squareup.picasso:picasso:2.71828] AndroidManifest.xml:11:13-37
66
67        <activity
67-->[com.google.android.gms:play-services-base:17.1.0] AndroidManifest.xml:23:9-26:75
68            android:name="com.google.android.gms.common.api.GoogleApiActivity"
68-->[com.google.android.gms:play-services-base:17.1.0] AndroidManifest.xml:24:13-79
69            android:exported="false"
69-->[com.google.android.gms:play-services-base:17.1.0] AndroidManifest.xml:25:13-37
70            android:theme="@android:style/Theme.Translucent.NoTitleBar" />
70-->[com.google.android.gms:play-services-base:17.1.0] AndroidManifest.xml:26:13-72
71
72        <provider
72-->[com.google.firebase:firebase-common:19.3.0] AndroidManifest.xml:26:9-30:39
73            android:name="com.google.firebase.provider.FirebaseInitProvider"
73-->[com.google.firebase:firebase-common:19.3.0] AndroidManifest.xml:27:13-77
74            android:authorities="com.example.myapp.firebaseinitprovider"
74-->[com.google.firebase:firebase-common:19.3.0] AndroidManifest.xml:28:13-72
75            android:exported="false"
75-->[com.google.firebase:firebase-common:19.3.0] AndroidManifest.xml:29:13-37
76            android:initOrder="100" />
76-->[com.google.firebase:firebase-common:19.3.0] AndroidManifest.xml:30:13-36
77
78        <meta-data
78-->[com.google.android.gms:play-services-basement:17.0.0] AndroidManifest.xml:23:9-25:69
79            android:name="com.google.android.gms.version"
79-->[com.google.android.gms:play-services-basement:17.0.0] AndroidManifest.xml:24:13-58
80            android:value="@integer/google_play_services_version" />
80-->[com.google.android.gms:play-services-basement:17.0.0] AndroidManifest.xml:25:13-66
81    </application>
82
83</manifest>